[    00000] Initlizing cgroup subsys cpuset
[    0.000000] Initializing cgroup subsys cpu
[    0.000000] Initializing cgroup subsys cpuacct
[    0.000000] Linux version 4.4.0-137-generic (buildd@w01-amd64-037) (gcc version 5.4.0 20160609 (Ubuntu 5..4.0-6ubuntu1~16.04.10) ) #163-Ubuntu SMP Mon Sep 24 13:14:43 UTC 2018 (Ubuntu 4.4.0-137.3-neric  4.4.144)
[    0.000000] Command line: BOOT_IMAGE=/boot/vmlinuz-4.4.0-137-genec root=UUID=9539c956-fc21-4e4f-973e-9d2ec8f3846c ro console=tty1 console=ttyS0
[    0.000000] KERNEL supported cpus:
[    0.000000]   Intel GenuineIntel
[    0.000000]   AMD AuthenticAMD
[    0.000000]   Centaur CentaurHauls
[    0.00000] x86/fpu: xstate_offset[2]:  576, xstate_sizes[2]:  256
[    0.000000] x86/fpu: Supporting XSAVE featur 0x01: 'x87 floating point registers'
[    0.000000] x86/fpu: Supporting XSAVE featur 0x02: 'SSE registers'
[    0.000000] x86/fpu: Supporting XSAVE ftue x04:AVregisters'
[    0000] x86/fpu:naed xstate features 0x7, contt size is 832 bytes, using 'standard' format.
   0.000000] e820: BIOS-provided physical RAM map:
[  000000] BIOS-e820: [mem 0x0000000000000000-0x000000000009fbff]usle
[  000000] BIOS-e820: [mem 0x000000000009fc00-0x000000000009ffff]reerved
[    000000] BIOe8: [mem 0x00000000000f0000-0x000000000fffff] reserved
   0.000000] BIOS-e820: [m 0x00000000100000-0x0000000fffff] usle
[    0.0000]IOS-e820: [mem 0x000000003fff0000-0x000000003fffffff] ACPI data
    0.000000] BIOS-e820: [mem 0x00000000fec00000-0x00000000f00ff] rerved
[    0.000000] BIOS-e820: [me 0x0000fee00000-0x00000000fee00fff] reserved
[  0.000000] BIOS-e820: [mem 0x00000000fffc0000-0x0000000ffffffff] reserved
[    0.000000] NX (Execute Disable) protection: active
[    0.00000] SMBIOS 2.5 present.
[    0.000000] Hypervisor detected: KVM
[    0.000000] e820: last_pfn = 0x3fff0 max_arch_pfn = 0x400000000
[   0.000000] MTRR: Disabled
[    0.00000] x86/PAT: MTRRs disabled, skipping PAT initialization too.
[    0.000000] CPU MTRRs all blank - virtualized system.
[   .000000] x86/PAT: Configuration [0-7]: WB  WT  UC- UC  WB  WT  UC- UC  
[    0.000000] found SMP MP-table at [mem 0x0009f0-0x0009ffmapped at [ffff88000009ff0]
[  0000000Scanning 1 areas for low memory corruption
[    0.00000] RAMDIS [m 0x36ee0-x370eefff]   0.000] CPI: Eay ble checksum verificati dsaled
[    0.0000 ACPI: RSDP 0x00000000000E0000 000024 (v02 BOX  )
[    0.000000] ACPI: XSDT 0x000000003FFF0030 00003C (v01 VBOX   VBOXXSDT 000000 ASL  000061)[   0.000000] ACPI: FACP 0x000000003FFF00F0 000F4v0 VBOX  VBOXFAC 000001 A  000061
[  0.00000] CP DSDT 0x0000003FFF0470 0021FF (v02 VBOX   VBOXBIOS 00000002 INTL 20100528)
[    0.000000] ACPI: FACS 0x000000003FFF0200 000040
[    0.000000] ACPI: FACS 0x000000003FFF0200 000040
[    0.000000] ACPI: APIC 0x000000003FFF0240 00005C (v02 VBOX   VBOXAPIC 0000001 ASL  00000061)
[    0.000000] ACPI: SST 0x000000003FFF02A0 0001CC (v01 VBOX   VBOXCPUT 00000002 INTL 0100528)
[    0.000000] No NUMA configuration found
[    0.000000] Faking a node at [mem 0x0000000000000000-0x000000003ffeffff]
[    0.00000] NODE_DATA(0) allocated [mem 0x3ffeb000-3ffefff]    0000] kvm-clock: Using msrs 4b564d01 a 464d00
   0.000000] m-clckcpu 0, msr 0:3fe3001prar cpu clock[   0.000000] m-ock: using heoffset o44272928 cycs[    0.000000] clocksource: kvm-clock: mask: 0xffffffffffffffff max_cycles: 0x1cd4e4dffb, max_id_n: 881590591483 ns
[  000000]one ranges:
[    0.000000]   A     me 0x0000000000100-0x0000000000ffffff]
[    0.000000]   DMA32    [mem 0x0000000001000000x0000003ffeffff]
[    0.00000   Normal   empy
[    0.000000]   Device   empty
[    0.000000] Movable zone start for each node
[    0.000000] Early memory node ranges
[    000000]   de  0: [mem 0x00000000000001000-0x0000000009efff]
[    0.000000]   node   0: [mem 0x0000000000100000-0x0000003fffff
[    0.00000] Initmem setup node 0 [mem 0x0000000000001000-0x000000003ffeffff]
[    0.000000] ACPI: PM-Timer IO Port: 0x4008
[    0.000000] IOAPIC[0]: apic_id 2, version 32, address 0xfec00000, GSI 0-23
[    0.000000] ACPI: INT_SRC_OVR (bus 0 bus_irq 0 global_irq 2 dfl dfl)
[    0.000000] ACPI: INT_SRC_OVR (bus 0 bus_irq 9 global_irq 9 low level)
[    0.0000 Using ACPI (MADT) for SMP configuration information
[    0.000000] smpboot: Allowing 2 CPUs 0 hotplug CPUs
  0.0000] : Registered nose mory: [mem 0x0000-0x00000fff]
[    0.000000] PM: Registered nosave memory: [mem 0x0009f000-0x0009ffff]
[    0.000000] PM: Registered nosave memory: [mem 0x000a0000-0x00efff
[    0.000000] PM: Registered nosave memory: [mem 0x000f0000-0x000fffff]
[    0.000000] e820: [mem 0x40000000-0xfebfffff] available for PCI devices
[    0.000000] Booting paravirtualized kernel onKV
[   0.000000] clocksource: refined-jiffies: mask: 0xffffff m_cycles: 0xffffffff, max_idle_n 74556011568 ns
[    0.000000]sep_ercpu: NR_CPUS:512 nr_cpumask_bits:512 nr_cpu_ids:2 nr_node_ids:1
[    0.000000] PERCPU: Embedded 34 pages/cpu @ffff88003fc00000 s99608 r8192 d31464 u185
[   0.00000 PV qspinlock hh table entries: 256order: 0, 4096 bytes)
   0.000000]Bult zonelists in Node order, mobility grouping on.  Total pages: 27912
[    0.000000] Policy zone: DMA32
[    0.000000] Kernel command line: BOOT_IMAGE=/boot/vmlinuz-4.4.0-137-generic root=UUID=539c956fc21-4e4f-973e-9d2ec8f3846c ro console=tty1 console=ttyS0
[    0.000000] PID hash table entries: 4096 (order: 3, 32768 bytes)
[    0.000000] Memory: 997140K/1048120K available (8555Kkenecode, 31 rdata 44Kroda, 28K init, 1316K bss, 50980K reserved, 0K cma-reserved)
[    0.000000] SLUB: HWalig=6 Oder=0-3, MinObjects, Us=2 Nes=1
[    0.000000] Kernel/User page tables islaion: enabled
[    00000] erchical RCU implementation.
[    0.000000] 	Build-tie jutmment of leaf fano t64.
[    0.000000] 	RCU restricting CPUs from NR_CPUS=512 to nr_cpu_ids=2.
[    0.000000] RCU: Adjusting geometry for rcu_fanout_leaf=64, nr_cpu_ids=2
  0.000000] NR_IRQS:33024 nr_irqs:440 16
[    0.000000] Console: colour VGA+ 80x25
[    0.0000] consoletty1] enabled[    0.000000] console [ttyS0] enabled
[    0.000000] tsc: Detected 2303.998 MHz processor
[    5.522179] Clirating delay loop (skipped) preset value.. 4607.99 BogoMIPS (lpj=9215992)
[    5.569840] pid_max: default: 32768 minimum: 301
[    5.594382] ACPI: Core revision 20150930
[    5.609728] ACPI: 2 ACPI AML tables successfully acquired and loaded
[    5.668708] Security Framework initialized
[    5.711829] Yama: becoming mindful.
[    5.750062] AppArmor: AppArmor initialized
[    5.751408] Dentry cache hash table entries: 131072 (order: 8, 1048576 bytes)
[    5.775324] Inode-cache hash table entries: 65536 (order: 7, 524288 bytes)
[    5.791894] Mount-cache hash table entries: 2048 (order: 2, 16384 bytes)
[    5.799113] Mountpoint-cache hash table entries: 2048 (order: 2, 16384 bytes)
[    5.800890] Initializing cgroup subsys io
[    5.802225] Initializing cgroup subsys memory
[    5.803391] Initializing cgroup subsys devices
[    5.804472] Initializing cgroup subsys freezer
[    5.806018] Initializing cgroup subsys net_cls
[    5.807484] Initializing cgroup subsys perf_event
[    5.829073] Initializing cgroup subsys net_prio
[    5.849687] Initializing cgroup subsys hugetlb
[    5.854331] Initializing cgroup subsys pids
[    5.860331] mce: CPU supports 0 MCE banks
[    5.865653] Last level iTLB entries: 4KB 64, 2MB 8, 4MB 8
[    5.868106] Last level dTLB entries: 4KB 64, 2MB 0, 4MB 0, 1GB 4
[    5.871342] Spectre V2 : Mitigation: Full generic retpoline
[    5.875253] Spectre V2 : Spectre v2 mitigation: Speculation control IBPB not-supported IBRS not-supported
[    5.888309] Spectre V2 : Spectre v2 / SpectreRSB mitigation: Filling RSB on context switch
[    5.897004] Speculative Store Bypass: Vulnerable
[    5.906243] Freeing SMP alternatives memory: 32K
[    5.937215] ftrace: allocating 32265 entries in 127 pages
[    6.000226] smpboot: APIC(0) Converting physical 0 to logical package 0
[    6.013478] smpboot: Max logical packages: 1
[    6.019280] x2apic enabled
[    6.020442] Switched APIC routing to physical x2apic.
[    6.044157] ..TIMER: vector=0x30 apic1=0 pin1=2 apic2=-1 pin2=-1
[    6.152948] smpboot: CPU0: Intel(R) Core(TM) i5-7360U CPU @ 2.30GHz (family: 0x6, model: 0x8e, stepping: 0x9)
[    6.185472] Performance Events: unsupported p6 CPU model 142 no PMU driver, software events only.
[    6.208314] KVM setup paravirtual spinlock
[    6.242738] x86: Booting SMP configuration:
[    6.255110] .... node  #0, CPUs:      #1
[    6.265671] kvm-clock: cpu 1, msr 0:3ffe3041, secondary cpu clock
[    6.267932] mce: CPU supports 0 MCE banks
[    6.278456] x86: Booted up 1 node, 2 CPUs
[    6.308089] smpboot: Total of 2 processors activated (9215.99 BogoMIPS)
[    6.343919] devtmpfs: initialized
[    6.358665] evm: security.selinux
[    6.365587] evm: security.SMACK64
[    6.385843] evm: security.SMACK64EXEC
[    6.387071] evm: security.SMACK64TRANSMUTE
[    6.416446] evm: security.SMACK64MMAP
[    6.421615] evm: security.ima
[    6.446912] evm: security.capability
[    6.448686] clocksource: jiffies: mask: 0xffffffff max_cycles: 0xffffffff, max_idle_ns: 7645041785100000 ns
[    6.468366] futex hash table entries: 512 (order: 3, 32768 bytes)
[    6.482660] pinctrl core: initialized pinctrl subsystem
[    6.498685] RTC time: 15:11:12, date: 10/31/18
[    6.508441] NET: Registered protocol family 16
[    6.525696] cpuidle: using governor ladder
[    6.545941] cpuidle: using governor menu
[    6.549733] PCCT header not found.
[    6.571522] ACPI: bus type PCI registered
[    6.608068] acpiphp: ACPI Hot Plug PCI Controller Driver version: 0.5
[    6.646807] PCI: Using configuration type 1 for base access
[    6.663537] ACPI: Added _OSI(Module Device)
[    6.665333] ACPI: Added _OSI(Processor Device)
[    6.734358] ACPI: Added _OSI(3.0 _SCP Extensions)
[    6.737209] ACPI: Added _OSI(Processor Aggregator Device)
[    6.741042] ACPI: Executed 1 blocks of module-level executable AML code
[    6.781195] ACPI: Interpreter enabled
[    6.801783] ACPI: (supports S0 S5)
[    6.819217] ACPI: Using IOAPIC for interrupt routing
[    6.838753] PCI: Using host bridge windows from ACPI; if necessary, use "pci=nocrs" and report a bug
[    6.901749] ACPI: PCI Root Bridge [PCI0] (domain 0000 [bus 00-ff])
[    6.909250] acpi PNP0A03:00: _OSC: OS supports [ASPM ClockPM Segments MSI]
[    6.920372] acpi PNP0A03:00: _OSC: not requesting OS control; OS requires [ExtendedConfig ASPM ClockPM MSI]
[    6.933097] acpi PNP0A03:00: fail to add MMCONFIG information, can't access extended PCI configuration space under this bridge.
[    6.939675] PCI host bridge to bus 0000:00
[    6.941530] pci_bus 0000:00: root bus resource [io  0x0000-0x0cf7 window]
[    6.948556] pci_bus 0000:00: root bus resource [io  0x0d00-0xffff window]
[    6.951671] pci_bus 0000:00: root bus resource [mem 0x000a0000-0x000bffff window]
[    6.973872] pci_bus 0000:00: root bus resource [mem 0x40000000-0xfdffffff window]
[    6.979972] pci_bus 0000:00: root bus resource [bus 00-ff]
[    6.988651] pci 0000:00:01.1: legacy IDE quirk: reg 0x10: [io  0x01f0-0x01f7]
[    6.999601] pci 0000:00:01.1: legacy IDE quirk: reg 0x14: [io  0x03f6]
[    7.009424] pci 0000:00:01.1: legacy IDE quirk: reg 0x18: [io  0x0170-0x0177]
[    7.044916] pci 0000:00:01.1: legacy IDE quirk: reg 0x1c: [io  0x0376]
[    7.108692] pci 0000:00:07.0: quirk: [io  0x4000-0x403f] claimed by PIIX4 ACPI
[    7.144106] pci 0000:00:07.0: quirk: [io  0x4100-0x410f] claimed by PIIX4 SMB
[    7.172671] ACPI: PCI Interrupt Link [LNKA] (IRQs 5 9 10 *11)
[    7.192145] ACPI: PCI Interrupt Link [LNKB] (IRQs 5 9 *10 11)
[    7.195017] ACPI: PCI Interrupt Link [LNKC] (IRQs 5 *9 10 11)
[    7.233367] ACPI: PCI Interrupt Link [LNKD] (IRQs 5 9 10 *11)
[    7.261865] ACPI: Enabled 2 GPEs in block 00 to 07
[    7.295439] vgaarb: setting as boot device: PCI:0000:00:02.0
[    7.304915] vgaarb: device added: PCI:0000:00:02.0,decodes=io+mem,owns=io+mem,locks=none
[    7.313137] vgaarb: loaded
[    7.319708] vgaarb: bridge control possible 0000:00:02.0
[    7.327538] SCSI subsystem initialized
[    7.334546] ACPI: bus type USB registered
[    7.344501] usbcore: registered new interface driver usbfs
[    7.372919] usbcore: registered new interface driver hub
[    7.385600] usbcore: registered new device driver usb
[    7.416579] PCI: Using ACPI for IRQ routing
[    7.448203] NetLabel: Initializing
[    7.474801] NetLabel:  domain hash size = 128
[    7.478613] NetLabel:  protocols = UNLABELED CIPSOv4
[    7.482848] NetLabel:  unlabeled traffic allowed by default
[    7.496030] amd_nb: Cannot enumerate AMD northbridges
[    7.539519] clocksource: Switched to clocksource kvm-clock
[    .552372] AppArmor: AppArmor Filesystem Enabled
[    7.584566] pnp:PnACPI init
[  7563] pnp: PnP ACPI: found 3evices

[  7.850867] clocksource: acpi_pm: mk: 0xfff m_cycles: 0xffffff,max_idle_ns: 2085701024 ns
[  815695] NET: Registered protocol family 2

[    8.204990] T eablished hash tlentes81 (rder4,55 bes

[    8.775806] TCP bd hash table entris:19(oer5,312 bytes
[    9.161544] TCP: Hash tables configured (established 8192 bind 8192)
[    9.164513] UDP hash table entries: 512 (order: 2, 16384 bytes)
[    9.167534] UDP-Lite hash able entries: 12(oer2, 16384 bytes)
[    9377] NET:egteed rotol mi 1[  9530]ci00000.: mingirect PCI/PCI transfers
[   10.239323] pci 0000:00:01.0: Activating ISA DMA hang workarounds
[   10.241357] Unpacking initramfs...

[   10.478161] Freeing initrd memory: 15364K
[   10.518735] platform rtc_cmos: registered platform RTC device (no PNP device found)
[   10.556244] Scanning for low memory corruption every 60 seconds
[   10.558519] audit: initializing netlink subsys (disabled)
[   10.589729] audit: type=2000 audit(1540998676.278:1): initialized
[   10.591396] Initialise system trusted keyring
[   10.622941] HugeTLB registered 2 MB page size, pre-allocated 0 pages
[   10.659376] zbud: loaded
[   10.678036] VFS: Disk quotas dquot_6.6.0
[   10.697904] VFS: Dquot-cache hash table entries: 512 (order 0, 4096 bytes)
[   10.744370] squashfs: version 4.0 (2009/01/31) Phillip Lougher
[   10.776012] fuse init (API version 7.23)
[ 10822]eyypbig_k risered
   11.183124 Allocating IMA MOK and blacklist keyrings.

[   11.248434] Key type asymmetric registered
[   11.250417] Asymmetric key parser 'x509' registered
[   11.273684] Block layer SCSI generic (bsg) driver version 0.4 loaded (major 249)
[   11.289862] io scheduler noop registered
[   11.296441] io scheduler deadline registered (default)
[   11.301749] io scheduler cfq registered
[   11.305614] pci_hotplug: PCI Hot Plug PCI Core version: 0.5
[   11.316921] pciehp: PCI Express Hot Plug Controller Driver version: 0.4
[   11.322479] ACPI: AC Adapter [AC] (on-line)
[   11.330263] input: Power Button as /devices/LNXSYSTM:00/LNXPWRBN:00/input/input0
[   11.334197] ACPI: Power Button [PWRF]
[   11.353472] input: Sleep Button as /devices/LNXSYSTM:00/LNXSLPBN:00/input/input1
[   11.355864] ACPI: Sleep Button [SLPF]
[   11.357474] GHES: HEST is not enabled!
[   11.358837] ACPI: Battery Slot [BAT0] (battery present)
[   11.394880] Serial: 8250/16550 driver, 32 ports, IRQ sharing enabled
[   11.450168] 00:02: ttyS0 at I/O 0x3f8 (irq = 4, base_baud = 115200) is a 16550A
[   11.466498] Linux agpgart interface v0.103
[   11.480449] loop: module loaded
[   11.43304] scsi host0: ata_piix

[   11.515280] scsi host1: ata_piix
[   11.517454] tsc: Refined TSC clocksource calibration: 2304.071 MHz
[   11.521313] clocksource: tsc: mask: 0xffffffffffffffff max_cycles: 0x21363b1bbd2, max_idle_ns: 440795303846 ns
[   11.521423] ata1: PATA max UDMA/33 cmd 0x1f0 ctl 0x3f6 bmdma 0xd000 irq 14
[   11.521424] ata2: PATA max UDMA/33 cmd 0x170 ctl 0x376 bmdma 0xd008 irq 15
[   11.522193] libphy: Fixed MDIO Bus: probed
[   11.522195] tun: Universal TUN/TAP device driver, 1.6
[   11.522196] tun: (C) 1999-2004 Max Krasnyansky <maxk@qualcomm.com>
[   11.522248] PPP generic driver version 2.4.2
[   11.522299] ehci_hcd: USB 2.0 'Enhanced' Host Controller (EHCI) Driver
[   11.522305] ehci-pci: EHCI PCI platform driver
[   11.522322] ehci-platform: EHCI generic platform driver
[   11.522330] ohci_hcd: USB 1.1 'Open' Host Controller (OHCI) Driver
[   11.522333] ohci-pci: OHCI PCI platform driver
[   11.522341] ohci-platform: OHCI generic platform driver
[   11.522347] uhci_hcd: USB Universal Host Controller Interface driver
[   11.522403] i8042: PNP: PS/2 Controller [PNP0303:PS2K,PNP0f03:PS2M] at 0x60,0x64 irq 1,12
[   11.524768] serio: i8042 KBD port at 0x60,0x64 irq 1
[   11.524774] serio: i8042 AUX port at 0x60,0x64 irq 12
[   11.524909] mousedev: PS/2 mouse device common for all mice
[   11.525273] rtc_cmos rtc_cmos: rtc core: registered rtc_cmos as rtc0
[   11.525326] rtc_cmos rtc_cmos: alarms up to one day, 114 bytes nvram
[   11.525333] i2c /dev entries driver
[   11.525391] device-mapper: uevent: version 1.0.3
[   11.525441] device-mapper: ioctl: 4.34.0-ioctl (2015-10-28) initialised: dm-devel@redhat.com
[   11.525460] ledtrig-cpu: registered to indicate activity on CPUs
[   11.525738] NET: Registered protocol family 10
[   11.525870] NET: Registered protocol family 17
[   11.525880] Key type dns_resolver registered
[   11.526184] registered taskstats version 1
[   11.526196] Loading compiled-in X.509 certificates
[   11.526974] Loaded X.509 cert 'Build time autogenerated kernel key: 20acc96b50ca7641011eace69d32209215a9b56f'
[   11.527004] zswap: loaded using pool lzo/zbud
[   11.529318] Key type trusted registered
[   11.532025] Key type encrypted registered
[   11.532033] AppArmor: AppArmor sha1 policy hashing enabled
[   11.532035] ima: No TPM chip found, activating TPM-bypass!
[   11.532040] ima: Allocated hash algorithm: sha1
[   11.532051] evm: HMAC attrs: 0x1
[   11.532454]   Magic number: 6:562:185
[   11.533213] rtc_cmos rtc_cmos: setting system clock to 2018-10-31 15:11:17 UTC (1540998677)
[   11.533315] BIOS EDD facility v0.16 2004-Jun-25, 0 devices found
[   11.533315] EDD information not available.
[   11.549150] input: AT Translated Set 2 keyboard as /devices/platform/i8042/serio0/input/input2
[   12.070275] Freeing unused kernel memory: 1528K
[   12.083897] Write protecting the kernel read-only data: 14336k
[   12.117042] Freeing unused kernel memory: 1672K
[   12.119074] Freeing unused kernel memory: 92K
Loading, please wait...
[   12.165076] random: systemd-udevd: uninitialized urandom read (16 bytes read, 5 bits of entropy available)
starting version 229
[   12.165975] random: udevadm: uninitialized urandom read (16 bytes read, 5 bits of entropy available)
[   12.165997] random: udevadm: uninitialized urandom read (16 bytes read, 5 bits of entropy available)
[   12.172541] random: udevadm: uninitialized urandom read (16 bytes read, 5 bits of entropy available)
[   12.172575] random: udevadm: uninitialized urandom read (16 bytes read, 5 bits of entropy available)
[   12.172674] random: udevadm: uninitialized urandom read (16 bytes read, 5 bits of entropy available)
[   12.172709] random: udevadm: uninitialized urandom read (16 bytes read, 5 bits of entropy available)
[   12.172743] random: udevadm: uninitialized urandom read (16 bytes read, 5 bits of entropy available)
[   12.172779] random: udevadm: uninitialized urandom read (16 bytes read, 5 bits of entropy available)
[   12.172812] random: udevadm: uninitialized urandom read (16 bytes read, 5 bits of entropy available)
[   12.399390] e1000: Intel(R) PRO/1000 Network Driver - version 7.3.21-k8-NAPI
[   12.405578] e1000: Copyright (c) 1999-2006 Intel Corporation.
[   12.430276] Fusion MPT base driver 3.04.20
[   12.441508] Copyright (c) 1999-2008 LSI Corporation
[   12.458903] Fusion MPT SPI Host driver 3.04.20
[   12.489022] AVX2 version of gcm_enc/dec engaged.
[   12.490301] AES CTR mode by8 optimization enabled
[   12.648046] input: ImExPS/2 Generic Explorer Mouse as /devices/platform/i8042/serio1/input/input4
[   12.901129] e1000 0000:00:03.0 eth0: (PCI:33MHz:32-bit) 02:48:3e:15:b5:0c
[   12.903194] e1000 0000:00:03.0 eth0: Intel(R) PRO/1000 Network Connection
[   12.906649] e1000 0000:00:03.0 enp0s3: renamed from eth0
[   12.908745] mptbase: ioc0: Initiating bringup
[   12.996501] ioc0: LSI53C1030 A0: Capabilities={Initiator}
[   13.170745] scsi host2: ioc0: LSI53C1030 A0, FwRev=00000000h, Ports=1, MaxQ=256, IRQ=20
[   13.284832] scsi 2:0:0:0: Direct-Access     VBOX     HARDDISK         1.0  PQ: 0 ANSI: 5
[   13.339670] scsi target2:0:0: Beginning Domain Validation
[   13.344159] scsi target2:0:0: Domain Validation skipping write tests
[   13.356030] scsi target2:0:0: Ending Domain Validation
[   13.357830] scsi target2:0:0: asynchronous
[   13.360773] scsi 2:0:1:0: Direct-Access     VBOX     HARDDISK         1.0  PQ: 0 ANSI: 5
[   13.369425] scsi target2:0:1: Beginning Domain Validation
[   13.373036] scsi target2:0:1: Domain Validation skipping write tests
[   13.374546] scsi target2:0:1: Ending Domain Validation
[   13.403780] scsi target2:0:1: asynchronous
[   13.414572] sd 2:0:0:0: Attached scsi generic sg0 type 0
[   13.430845] sd 2:0:0:0: [sda] 20971520 512-byte logical blocks: (10.7 GB/10.0 GiB)
[   13.439619] sd 2:0:1:0: [sdb] 20480 512-byte logical blocks: (10.5 MB/10.0 MiB)
[   13.439743] sd 2:0:0:0: [sda] Write Protect is off
[   13.439867] sd 2:0:0:0: [sda] Incomplete mode parameter data
[   13.439868] sd 2:0:0:0: [sda] Assuming drive cache: write through
[   13.444069] sd 2:0:1:0: Attached scsi generic sg1 type 0
[   13.450114]  sda: sda1
[   13.451000] sd 2:0:0:0: [sda] Attached SCSI disk
[   13.612240] sd 2:0:1:0: [sdb] Write Protect is off
[   13.631961] sd 2:0:1:0: [sdb] Incomplete mode parameter data
[   13.633352] sd 2:0:1:0: [sdb] Assuming drive cache: write through
[   13.667077] sd 2:0:1:0: [sdb] Attached SCSI disk
Begin: Loading e[   15.024784] md: linear personality registered for level -1
ssential drivers[   15.041969] md: multipath personality registered for level -4
 ... [   15.053072] md: raid0 personality registered for level 0
[   15.064208] md: raid1 personality registered for level 1
[   15.135743] raid6: sse2x1   gen() 10995 MB/s
[   15.203619] raid6: sse2x1   xor()  8494 MB/s
[   15.271741] raid6: sse2x2   gen() 14086 MB/s
[   15.339766] raid6: sse2x2   xor()  9423 MB/s
[   15.407728] raid6: sse2x4   gen() 15696 MB/s
[   15.475733] raid6: sse2x4   xor() 11001 MB/s
[   15.567573] raid6: avx2x1   gen() 22461 MB/s
[   15.643713] raid6: avx2x2   gen() 26263 MB/s
[   15.711766] raid6: avx2x4   gen() 28941 MB/s
[   15.724331] raid6: using algorithm avx2x4 gen() 28941 MB/s
[   15.726205] raid6: using avx2x2 recovery algorithm
[   15.758253] xor: automatically using best checksumming function:
[   15.827708]    avx       : 28213.000 MB/sec
[   15.863426] async_tx: api initialized (async)
[   15.872139] md: raid6 personality registered for level 6
[   15.874676] md: raid5 personality registered for level 5
[   15.876476] md: raid4 personality registered for level 4
[   15.889878] md: raid10 personality registered for level 10
done.
Begin: Running /scripts/init-premount ... done.
Begin: Mounting root file system ... Begin: Running /scripts/local-top ... done.
Begin: Running /scripts/local-premount ... [   15.954673] Btrfs loaded
Scanning for Btrfs filesystems
done.
Warning: fsck not present, so skipping root file system
[   16.000026] EXT4-fs (sda1): INFO: recovery required on readonly filesystem
[   16.056798] EXT4-fs (sda1): write access will be enabled during recovery
[   16.072111] EXT4-fs (sda1): orphan cleanup on readonly fs
[   16.084838] EXT4-fs (sda1): 1 orphan inode deleted
[   16.086635] EXT4-fs (sda1): recovery complete
[   16.099702] EXT4-fs (sda1): mounted filesystem with ordered data mode. Opts: (null)
done.
Begin: Running /scripts/local-bottom ... done.
Begin: Running /scripts/init-bottom ... done.
[   16.231321] systemd[1]: systemd 229 running in system mode. (+PAM +AUDIT +SELINUX +IMA +APPARMOR +SMACK +SYSVINIT +UTMP +LIBCRYPTSETUP +GCRYPT +GNUTLS +ACL +XZ -LZ4 +SECCOMP +BLKID +ELFUTILS +KMOD -IDN)
[   16.259849] systemd[1]: Detected virtualization oracle.
[   16.305727] systemd[1]: Detected architecture x86-64.

Welcome to [1mUbuntu 16.04.5 LTS[0m!

[   16.355117] systemd[1]: Set hostname to <ubuntu-xenial>.
[   16.560393] systemd[1]: Listening on Journal Socket.
[[0;32m  OK  [0m] Listening on Journal Socket.
[   16.565839] systemd[1]: Reached target Encrypted Volumes.
[[0;32m  OK  [0m] Reached target Encrypted Volumes.
[   16.569264] systemd[1]: Created slice System Slice.
[[0;32m  OK  [0m] Created slice System Slice.
[   16.620032] systemd[1]: Mounting POSIX Message Queue File System...
         Mounting POSIX Message Queue File System...
[   16.639024] systemd[1]: Starting Load Kernel Modules...
[   16.655611] Loading iSCSI transport class v2.0-870.
         Starting Load Kernel Modules...
[   16.672536] iscsi: registered transport (tcp)
[   16.691748] systemd[1]: Starting Set console keymap...
         Starting Set console keymap...
[   16.700930] systemd[1]: Starting Remount Root and Kernel File Systems...
[   16.705660] EXT4-fs (sda1): re-mounted. Opts: (null)
         Starting Remount Root and Kernel File Systems...
[   16.758905] iscsi: registered transport (iser)
[   16.761095] systemd[1]: Started Trigger resolvconf update for networkd DNS.
[[0;32m  OK  [0m] Started Trigger resolvconf update for networkd DNS.
[   16.811971] systemd[1]: Starting Uncomplicated firewall...
         Starting Uncomplicated firewall...
[   16.840364] systemd[1]: Reached target System Time Synchronized.
[[0;32m  OK  [0m] Reached target System Time Synchronized.
[   16.880099] systemd[1]: Listening on udev Kernel Socket.
[[0;32m  OK  [0m] Listening on udev Kernel Socket.
[   16.899621] systemd[1]: Listening on Journal Audit Socket.
[[0;32m  OK  [0m] Listening on Journal Audit Socket.
[   16.944803] systemd[1]: Created slice User and Session Slice.
[[0;32m  OK  [0m] Created slice User and Session Slice.
[   16.959076] systemd[1]: Listening on Device-mapper event daemon FIFOs.
[[0;32m  OK  [0m] Listening on Device-mapper event daemon FIFOs.
[   17.006295] systemd[1]: Listening on /dev/initctl Compatibility Named Pipe.
[[0;32m  OK  [0m] Listening on /dev/initctl Compatibility Named Pipe.
[   17.052032] systemd[1]: Reached target Slices.
[[0;32m  OK  [0m] Reached target Slices.
[   17.075820] systemd[1]: Mounting Huge Pages File System...
         Mounting Huge Pages File System...
[   17.096205] systemd[1]: Listening on LVM2 poll daemon socket.
[[0;32m  OK  [0m] Listening on LVM2 poll daemon socket.
[   17.115029] random: nonblocking pool is initialized
[   17.117034] systemd[1]: Set up automount Arbitrary Executable File Formats File System Automount Point.
[[0;32m  OK  [0m] Set up automount Arbitrary Executab...ats File System Automount Point.
[   17.173139] systemd[1]: Reached target User and Group Name Lookups.
[[0;32m  OK  [0m] Reached target User and Group Name Lookups.
[   17.198455] systemd[1]: Created slice system-serial\x2dgetty.slice.
[[0;32m  OK  [0m] Created slice system-serial\x2dgetty.slice.
[   17.209707] systemd[1]: Listening on Syslog Socket.
[[0;32m  OK  [0m] Listening on Syslog Socket.
[   17.213064] systemd[1]: Started Forward Password Requests to Wall Directory Watch.
[[0;32m  OK  [0m] Started Forward Password Requests to Wall Directory Watch.
[   17.243917] systemd[1]: Listening on Journal Socket (/dev/log).
[[0;32m  OK  [0m] Listening on Journal Socket (/dev/log).
[   17.272413] systemd[1]: Starting Create list of required static device nodes for the current kernel...
         Starting Create list of required st... nodes for the current kernel...
[   17.328323] systemd[1]: Starting Journal Service...
         Starting Journal Service...
[   17.340216] systemd[1]: Listening on LVM2 metadata daemon socket.
[[0;32m  OK  [0m] Listening on LVM2 metadata daemon socket.
[   17.412043] systemd[1]: Starting Monitoring of LVM2 mirrors, snapshots etc. using dmeventd or progress polling...
         Starting Monitoring of LVM2 mirrors... dmeventd or progress polling...
[   17.447726] systemd[1]: Starting Nameserver information manager...
         Starting Nameserver information manager...
[   17.480632] systemd[1]: Reached target Swap.
[[0;32m  OK  [0m] Reached target Swap.
[   17.512024] systemd[1]: Mounting Debug File System...
         Mounting Debug File System...
[   17.545202] systemd[1]: Listening on udev Control Socket.
[[0;32m  OK  [0m] Listening on udev Control Socket.
[   17.572855] systemd[1]: Mounted Debug File System.
[[0;32m  OK  [0m] Mounted Debug File System.
[   17.611988] systemd[1]: Mounted POSIX Message Queue File System.
[[0;32m  OK  [0m] Mounted POSIX Message Queue File System.
[   17.627920] systemd[1]: Mounted Huge Pages File System.
[[0;32m  OK  [0m] Mounted Huge Pages File System.
[   17.631537] systemd[1]: Started Journal Service.
[[0;32m  OK  [0m] Started Journal Service.
[[0;32m  OK  [0m] Started Load Kernel Modules.
[[0;32m  OK  [0m] Started Set console keymap.
[[0;32m  OK  [0m] Started Remount Root and Kernel File Systems.
[[0;32m  OK  [0m] Started Uncomplicated firewall.
[[0;32m  OK  [0m] Started Create list of required sta...ce nodes for the current kernel.
[[0;32m  OK  [0m] Started Nameserver information manager.
[[0;32m  OK  [0m] Started LVM2 metadata daemon.
         Starting Create Static Device Nodes in /dev...
         Starting Load/Save Random Seed...
         Starting udev Coldplug all Devices...
         Starting Apply Kernel Variables...
         Mounting FUSE Control File System...
         Starting Flush Journal to Persistent Storage...
[[0;32m  OK  [0m] Mounted FUSE Control File System.
[[0;32m  OK  [0m] Started Create Static Device Nodes in /dev.
[[0;32m  OK  [0m] Started Load/Save Random Seed.
[[0;32m  OK  [0m] Started Apply Kernel Variables.
[[0;32m  OK  [0m] Started udev Coldplug all Devices.
         Starting udev Kernel Device Manager...
[[0;32m  OK  [0m] Started Flush Journal to Persistent Storage.
[[0;32m  OK  [0m] Started udev Kernel Device Manager.
[[0;32m  OK  [0m] Started Dispatch Password Requests to Console Directory Watch.
[[0;32m  OK  [0m] Started Monitoring of LVM2 mirrors,...ng dmeventd or progress polling.
[[0;32m  OK  [0m] Found device /dev/ttyS0.
[[0;32m  OK  [0m] Listening on Load/Save RF Kill Switch Status /dev/rfkill Watch.
[[0;32m  OK  [0m] Reached target Local File Systems (Pre).
[[0;32m  OK  [0m] Reached target Local File Systems.
         Starting Create Volatile Files and Directories...
         Starting Initial cloud-init job (pre-networking)...
         Starting Set console font and keymap...
         Starting Tell Plymouth To Write Out Runtime Data...
         Starting LSB: AppArmor initialization...
[[0;32m  OK  [0m] Started Create Volatile Files and Directories.
[[0;32m  OK  [0m] Started Tell Plymouth To Write Out Runtime Data.
         Starting Update UTMP about System Boot/Shutdown...
[[0;32m  OK  [0m] Started Update UTMP about System Boot/Shutdown.
[[0;32m  OK  [0m] Started Set console font and keymap.
[[0;32m  OK  [0m] Created slice system-getty.slice.
[[0;32m  OK  [0m] Started LSB: AppArmor initialization.
[   12.687580] cloud-init[599]: Cloud-init v. 18.3-9-g2e62cb8a-0ubuntu1~16.04.2 running 'init-local' at Wed, 31 Oct 2018 15:11:25 +0000. Up 12.41 seconds.
[[0;32m  OK  [0m] Started Initial cloud-init job (pre-networking).
[[0;32m  OK  [0m] Reached target Network (Pre).
         Starting Raise network interfaces...
[[0;32m  OK  [0m] Started ifup for enp0s3.
[[0;32m  OK  [0m] Started Raise network interfaces.
[[0;32m  OK  [0m] Reached target Network.
         Starting Initial cloud-init job (metadata service crawler)...
[   13.502969] cloud-init[956]: Cloud-init v. 18.3-9-g2e62cb8a-0ubuntu1~16.04.2 running 'init' at Wed, 31 Oct 2018 15:11:26 +0000. Up 13.21 seconds.
[   13.513727] cloud-init[956]: ci-info: ++++++++++++++++++++++++++++++++++++++Net device info++++++++++++++++++++++++++++++++++++++
[   13.544824] cloud-init[956]: ci-info: +--------+------+----------------------------+---------------+--------+-------------------+
[   13.564766] [cloud-init[0;32m  OK  [0m[956]: ] ci-info: | Device |  Up  |          Address           |      Mask     | Scope  |     Hw-Address    |Started Initial cloud-init job (metadata service crawler).

[   13.566341] cloud-init[[0;32m  OK  [0m] Reached target Network is Online.
[956]: ci-info: +--------+------+----------------------------+---------------+--------+-------------------+
[   13.613361]          Starting iSCSI initiator daemon (iscsid)...
[[0;32m  OK  [0m] Reached target System Initialization.
[[0;32m  OK  [0m] Listening on UUID daemon activation socket.
cloud-init[956]: ci-info: | enp0s3 | True |         10.0.2.15          | 255.255.255.0 | global | 02:48:3e:15:b5:0c |
[   13.732500] [[0;32m  OK  [0m] Started Daily apt download activities.
[[0;32m  OK  [0m] Started Daily apt upgrade and clean activities.
cloud-init[956]: ci-info: | enp0s3 | True | fe80::48:3eff:fe15:b50c/64 |       .       |  link  | 02:48:3e:15:b5:0c |
         Starting LXD - unix socket.
[[0;32m  OK  [0m] Listening on D-Bus System Message Bus Socket.
[   13.811766] cloud-init[956]: ci-info: |   lo   | True |         127.0.0.1          |   255.0.0.0   |  host  |         .         |[[0;32m  OK  [0m] Started ACPI Events Check.
[[0;32m  OK  [0m] Reached target Paths.
[[0;32m  OK  [0m] Listening on ACPID Listen Socket.
         Starting Socket activation for snappy daemon.

[   13.863076] cloud-init[956]: ci-info: |   lo   | True |          ::1/128           |       .       |  host  |         .         |
[[0;32m  OK  [0m] Started Daily Cleanup of Temporary Directories.
[[0;32m  OK  [0m] Reached target Timers.
[[0;32m  OK  [0m] Reached target Cloud-config availability.
[   13.865433] cloud-init[956]: ci-info: +--------+------+----------------------------+---------------+--------+-------------------+
[   14.050372] [[0;32m  OK  [0m] Listening on LXD - unix socket.
[[0;32m  OK  [0m] Listening on Socket activation for snappy daemon.
cloud-init[956]: ci-info: +++++++++++++++++++++++++++Route IPv4 info++++++++++++++++++++++++++++
[   14.140794] [[0;32m  OK  [0m] Started iSCSI initiator daemon (iscsid).
cloud-init[956]: ci-info: +-------+-------------+----------+---------------+-----------+-------+
         Starting Login to default iSCSI targets...
[   14.180605] [[0;32m  OK  [0m] Reached target Sockets.
[[0;32m  OK  [0m] Reached target Basic System.
cloud-init[956]: ci-info: | Route | Destination | Gateway  |    Genmask    | Interface | Flags |
         Starting System Logging Service...
[[0;32m  OK  [0m] Started Unattended Upgrades Shutdown.
[   14.267854] cloud-init[956]: ci-info: +-------+-------------+----------+---------------+-----------+-------+
[   14.389547] [[0;32m  OK  [0m] Started ACPI event daemon.
cloud-init[956]: ci-info: |   0   |   0.0.0.0   | 10.0.2.2 |    0.0.0.0    |   enp0s3  |   UG  |
[   14.413976]          Starting Login Service...
         Starting LSB: MD monitoring daemon...
cloud-init[956]: ci-info: |   1   |   10.0.2.0  | 0.0.0.0  | 255.255.255.0 |   enp0s3  |   U   |
[   14.417752] cloud-init[956]: ci-info: +-------+-------------+----------+---------------+-----------+-------+
[   14.418139] cloud-init[956]: ci-info: +++++++++++++++++++Route IPv6 info+++++++++++++++++++
[   14.418461] cloud-init[956]: ci-info: +-------+-------------+---------+-----------+-------+
[   14.418782] cloud-init[956]: ci-info: | Route | Destination | Gateway | Interface | Flags |
[   14.419109] cloud-init[956]: ci-info: +-------+-------------+---------+-----------+-------+
[   14.419437] cloud-init[956]: ci-info: |   0   |  fe80::/64  |    ::   |   enp0s3  |   U   |
[[0;32m  OK  [0m] Started Deferred execution scheduler.
[   14.419766] cloud-init[956]: ci-info: |   3   |   ff00::/8  |    ::   |   enp0s3  |   U   |
         Starting OpenBSD Secure Shell server...
[   14.670592] cloud-init[956]: ci-info: +-------+-------------+---------+-----------+-------+
[[0;32m  OK  [0m] Started Regular background program processing daemon.
         Starting LSB: Record successful boot for GRUB...
[[0;32m  OK  [0m] Started D-Bus System Message Bus.
         Starting /etc/rc.local Compatibility...
         Starting Accounts Service...
[[0;32m  OK  [0m] Started FUSE filesystem for LXC.
         Starting Virtualbox guest utils...
         Starting Snappy daemon...
         Starting LXD - container startup/shutdown...
[[0;32m  OK  [0m] Started System Logging Service.
[[0;32m  OK  [0m] Started OpenBSD Secure Shell server.
[[0;32m  OK  [0m] Started /etc/rc.local Compatibility.
[[0;32m  OK  [0m] Started LXD - container startup/shutdown.
[[0;32m  OK  [0m] Started Login to default iSCSI targets.
[[0;32m  OK  [0m] Started LSB: Record successful boot for GRUB.
[[0;32m  OK  [0m] Started LSB: MD monitoring daemon.
[[0;32m  OK  [0m] Started Snappy daemon.
[[0;32m  OK  [0m] Started Login Service.
         Starting Authenticate and Authorize Users to Run Privileged Tasks...
         Starting Wait until snapd is fully seeded...
[[0;32m  OK  [0m] Reached target Remote File Systems (Pre).
[[0;32m  OK  [0m] Reached target Remote File Systems.
         Starting Permit User Sessions...
         Starting LSB: daemon to balance interrupts for SMP systems...
         Starting LSB: automatic crash report generation...
         Starting LSB: Set the CPU Frequency Scaling governor to "ondemand"...
[[0;32m  OK  [0m] Started Virtualbox guest utils.
[[0;32m  OK  [0m] Started Wait until snapd is fully seeded.
[[0;32m  OK  [0m] Started Permit User Sessions.
[[0;32m  OK  [0m] Started Authenticate and Authorize Users to Run Privileged Tasks.
[[0;32m  OK  [0m] Started Accounts Service.
         Starting Hold until boot process finishes up...
         Starting Terminate Plymouth Boot Screen...
         Starting Apply the settings specified in cloud-config...
[[0;32m  OK  [0m] Started LSB: daemon to balance interrupts for SMP systems.
[[0;32m  OK  [0m] Started LSB: automatic crash report generation.
[[0;32m  OK  [0m] Started LSB: Set the CPU Frequency Scaling governor to "ondemand".
[[0;32m  OK  [0m] Started Hold until boot process finishes up.
[[0;32m  OK  [0m] Started Terminate Plymouth Boot Screen.
         Starting Set console scheme...
[[0;32m  OK  [0m] Started Serial Getty on ttyS0.
[[0;32m  OK  [0m] Started Getty on tty1.
[[0;32m  OK  [0m] Reached target Login Prompts.
[[0;32m  OK  [0m] Reached target Multi-User System.
[[0;32m  OK  [0m] Reached target Graphical Interface.
         Starting Update UTMP about System Runlevel Changes...
[[0;32m  OK  [0m] Started Set console scheme.
[[0;32m  OK  [0m] Started Update UTMP about System Runlevel Changes.
[   15.817650] cloud-init[1180]: Cloud-init v. 18.3-9-g2e62cb8a-0ubuntu1~16.04.2 running 'modules:config' at Wed, 31 Oct 2018 15:11:28 +0000. Up 15.69 seconds.
[[0;32m  OK  [0m] Started Apply the settings specified in cloud-config.
         Starting Execute cloud user/final scripts...
[   16.264012] cloud-init[1201]: Cloud-init v. 18.3-9-g2e62cb8a-0ubuntu1~16.04.2 running 'modules:final' at Wed, 31 Oct 2018 15:11:29 +0000. Up 16.15 seconds.
[[0;32m  OK  [0m] Started Execute cloud user/final scripts.
[   16.363505] cloud-init[1201]: Cloud-init v. 18.3-9-g2e62cb8a-0ubuntu1~16.04.2 finished at Wed, 31 Oct 2018 15:11:29 +0000. Datasource DataSourceNoCloud [seed=/dev/sdb][dsmode=net].  Up 16.25 seconds
[[0;32m  OK  [0m] Reached target Cloud-init target.

Ubuntu 16.04.5 LTS ubuntu-xenial ttyS0

ubuntu-xenial login: 